mode: set
_/Users/fscasserra/code/go/src/github.com/Fersca/natyla/src/natyla/console.go:20.16,23.16 2 1
_/Users/fscasserra/code/go/src/github.com/Fersca/natyla/src/natyla/console.go:26.2,26.6 1 1
_/Users/fscasserra/code/go/src/github.com/Fersca/natyla/src/natyla/console.go:23.16,25.3 0 0
_/Users/fscasserra/code/go/src/github.com/Fersca/natyla/src/natyla/console.go:26.6,28.17 2 1
_/Users/fscasserra/code/go/src/github.com/Fersca/natyla/src/natyla/console.go:32.3,32.31 1 0
_/Users/fscasserra/code/go/src/github.com/Fersca/natyla/src/natyla/console.go:28.17,30.12 1 0
_/Users/fscasserra/code/go/src/github.com/Fersca/natyla/src/natyla/console.go:38.39,43.2 4 1
_/Users/fscasserra/code/go/src/github.com/Fersca/natyla/src/natyla/console.go:48.41,55.6 3 1
_/Users/fscasserra/code/go/src/github.com/Fersca/natyla/src/natyla/console.go:55.6,62.17 3 1
_/Users/fscasserra/code/go/src/github.com/Fersca/natyla/src/natyla/console.go:62.17,68.33 2 1
_/Users/fscasserra/code/go/src/github.com/Fersca/natyla/src/natyla/console.go:75.4,75.32 1 1
_/Users/fscasserra/code/go/src/github.com/Fersca/natyla/src/natyla/console.go:97.4,97.37 1 1
_/Users/fscasserra/code/go/src/github.com/Fersca/natyla/src/natyla/console.go:114.4,114.35 1 1
_/Users/fscasserra/code/go/src/github.com/Fersca/natyla/src/natyla/console.go:123.4,123.33 1 1
_/Users/fscasserra/code/go/src/github.com/Fersca/natyla/src/natyla/console.go:143.4,143.35 1 1
_/Users/fscasserra/code/go/src/github.com/Fersca/natyla/src/natyla/console.go:163.4,163.35 1 1
_/Users/fscasserra/code/go/src/github.com/Fersca/natyla/src/natyla/console.go:179.4,179.33 1 1
_/Users/fscasserra/code/go/src/github.com/Fersca/natyla/src/natyla/console.go:186.4,188.12 3 1
_/Users/fscasserra/code/go/src/github.com/Fersca/natyla/src/natyla/console.go:68.33,72.5 3 1
_/Users/fscasserra/code/go/src/github.com/Fersca/natyla/src/natyla/console.go:75.32,84.17 5 1
_/Users/fscasserra/code/go/src/github.com/Fersca/natyla/src/natyla/console.go:93.5,93.13 1 1
_/Users/fscasserra/code/go/src/github.com/Fersca/natyla/src/natyla/console.go:84.17,86.6 1 1
_/Users/fscasserra/code/go/src/github.com/Fersca/natyla/src/natyla/console.go:86.7,87.20 1 1
_/Users/fscasserra/code/go/src/github.com/Fersca/natyla/src/natyla/console.go:87.20,89.7 1 1
_/Users/fscasserra/code/go/src/github.com/Fersca/natyla/src/natyla/console.go:89.8,91.7 1 0
_/Users/fscasserra/code/go/src/github.com/Fersca/natyla/src/natyla/console.go:97.37,105.19 4 1
_/Users/fscasserra/code/go/src/github.com/Fersca/natyla/src/natyla/console.go:110.5,110.13 1 1
_/Users/fscasserra/code/go/src/github.com/Fersca/natyla/src/natyla/console.go:105.19,107.6 1 1
_/Users/fscasserra/code/go/src/github.com/Fersca/natyla/src/natyla/console.go:107.7,109.6 1 0
_/Users/fscasserra/code/go/src/github.com/Fersca/natyla/src/natyla/console.go:114.35,119.13 3 1
_/Users/fscasserra/code/go/src/github.com/Fersca/natyla/src/natyla/console.go:123.33,133.19 6 1
_/Users/fscasserra/code/go/src/github.com/Fersca/natyla/src/natyla/console.go:140.5,140.13 1 1
_/Users/fscasserra/code/go/src/github.com/Fersca/natyla/src/natyla/console.go:133.19,135.6 1 0
_/Users/fscasserra/code/go/src/github.com/Fersca/natyla/src/natyla/console.go:135.7,138.6 2 1
_/Users/fscasserra/code/go/src/github.com/Fersca/natyla/src/natyla/console.go:143.35,150.24 3 1
_/Users/fscasserra/code/go/src/github.com/Fersca/natyla/src/natyla/console.go:159.5,159.13 1 1
_/Users/fscasserra/code/go/src/github.com/Fersca/natyla/src/natyla/console.go:150.24,153.6 1 1
_/Users/fscasserra/code/go/src/github.com/Fersca/natyla/src/natyla/console.go:153.7,157.6 2 1
_/Users/fscasserra/code/go/src/github.com/Fersca/natyla/src/natyla/console.go:163.35,169.19 3 1
_/Users/fscasserra/code/go/src/github.com/Fersca/natyla/src/natyla/console.go:175.5,175.13 1 1
_/Users/fscasserra/code/go/src/github.com/Fersca/natyla/src/natyla/console.go:169.19,172.6 2 0
_/Users/fscasserra/code/go/src/github.com/Fersca/natyla/src/natyla/console.go:172.7,174.6 1 1
_/Users/fscasserra/code/go/src/github.com/Fersca/natyla/src/natyla/console.go:179.33,182.13 3 1
_/Users/fscasserra/code/go/src/github.com/Fersca/natyla/src/natyla/console.go:190.5,192.12 2 0
_/Users/fscasserra/code/go/src/github.com/Fersca/natyla/src/natyla/console.go:200.24,227.2 20 1
_/Users/fscasserra/code/go/src/github.com/Fersca/natyla/src/natyla/core.go:54.13,88.2 15 1
_/Users/fscasserra/code/go/src/github.com/Fersca/natyla/src/natyla/core.go:93.14,100.2 2 1
_/Users/fscasserra/code/go/src/github.com/Fersca/natyla/src/natyla/core.go:105.69,113.16 5 1
_/Users/fscasserra/code/go/src/github.com/Fersca/natyla/src/natyla/core.go:118.2,119.15 2 1
_/Users/fscasserra/code/go/src/github.com/Fersca/natyla/src/natyla/core.go:113.16,115.3 1 0
_/Users/fscasserra/code/go/src/github.com/Fersca/natyla/src/natyla/core.go:126.104,132.22 3 1
_/Users/fscasserra/code/go/src/github.com/Fersca/natyla/src/natyla/core.go:185.2,188.20 3 1
_/Users/fscasserra/code/go/src/github.com/Fersca/natyla/src/natyla/core.go:215.2,215.22 1 1
_/Users/fscasserra/code/go/src/github.com/Fersca/natyla/src/natyla/core.go:236.2,236.16 1 1
_/Users/fscasserra/code/go/src/github.com/Fersca/natyla/src/natyla/core.go:132.22,140.17 5 1
_/Users/fscasserra/code/go/src/github.com/Fersca/natyla/src/natyla/core.go:145.3,148.25 2 1
_/Users/fscasserra/code/go/src/github.com/Fersca/natyla/src/natyla/core.go:159.3,163.12 4 1
_/Users/fscasserra/code/go/src/github.com/Fersca/natyla/src/natyla/core.go:140.17,142.4 1 0
_/Users/fscasserra/code/go/src/github.com/Fersca/natyla/src/natyla/core.go:149.3,151.39 1 1
_/Users/fscasserra/code/go/src/github.com/Fersca/natyla/src/natyla/core.go:152.3,153.25 1 0
_/Users/fscasserra/code/go/src/github.com/Fersca/natyla/src/natyla/core.go:154.3,155.39 1 1
_/Users/fscasserra/code/go/src/github.com/Fersca/natyla/src/natyla/core.go:165.4,168.29 1 1
_/Users/fscasserra/code/go/src/github.com/Fersca/natyla/src/natyla/core.go:172.3,180.37 7 1
_/Users/fscasserra/code/go/src/github.com/Fersca/natyla/src/natyla/core.go:168.29,170.4 1 0
_/Users/fscasserra/code/go/src/github.com/Fersca/natyla/src/natyla/core.go:188.20,206.3 11 1
_/Users/fscasserra/code/go/src/github.com/Fersca/natyla/src/natyla/core.go:206.4,212.3 4 1
_/Users/fscasserra/code/go/src/github.com/Fersca/natyla/src/natyla/core.go:215.22,218.13 1 1
_/Users/fscasserra/code/go/src/github.com/Fersca/natyla/src/natyla/core.go:218.13,222.19 2 1
_/Users/fscasserra/code/go/src/github.com/Fersca/natyla/src/natyla/core.go:227.4,227.26 1 1
_/Users/fscasserra/code/go/src/github.com/Fersca/natyla/src/natyla/core.go:232.4,232.14 1 1
_/Users/fscasserra/code/go/src/github.com/Fersca/natyla/src/natyla/core.go:222.19,224.5 1 1
_/Users/fscasserra/code/go/src/github.com/Fersca/natyla/src/natyla/core.go:227.26,229.5 1 1
_/Users/fscasserra/code/go/src/github.com/Fersca/natyla/src/natyla/core.go:242.56,250.21 3 1
_/Users/fscasserra/code/go/src/github.com/Fersca/natyla/src/natyla/core.go:273.2,273.43 1 1
_/Users/fscasserra/code/go/src/github.com/Fersca/natyla/src/natyla/core.go:279.2,282.40 2 1
_/Users/fscasserra/code/go/src/github.com/Fersca/natyla/src/natyla/core.go:309.2,310.15 2 1
_/Users/fscasserra/code/go/src/github.com/Fersca/natyla/src/natyla/core.go:250.21,257.16 3 1
_/Users/fscasserra/code/go/src/github.com/Fersca/natyla/src/natyla/core.go:269.3,269.29 1 1
_/Users/fscasserra/code/go/src/github.com/Fersca/natyla/src/natyla/core.go:257.16,260.4 1 1
_/Users/fscasserra/code/go/src/github.com/Fersca/natyla/src/natyla/core.go:260.5,263.18 2 1
_/Users/fscasserra/code/go/src/github.com/Fersca/natyla/src/natyla/core.go:263.18,265.5 1 0
_/Users/fscasserra/code/go/src/github.com/Fersca/natyla/src/natyla/core.go:273.43,276.3 2 1
_/Users/fscasserra/code/go/src/github.com/Fersca/natyla/src/natyla/core.go:282.40,291.17 3 1
_/Users/fscasserra/code/go/src/github.com/Fersca/natyla/src/natyla/core.go:296.3,305.16 6 1
_/Users/fscasserra/code/go/src/github.com/Fersca/natyla/src/natyla/core.go:291.17,293.4 1 0
_/Users/fscasserra/code/go/src/github.com/Fersca/natyla/src/natyla/core.go:317.46,322.2 3 1
_/Users/fscasserra/code/go/src/github.com/Fersca/natyla/src/natyla/core.go:327.17,330.29 1 1
_/Users/fscasserra/code/go/src/github.com/Fersca/natyla/src/natyla/core.go:330.29,341.25 5 1
_/Users/fscasserra/code/go/src/github.com/Fersca/natyla/src/natyla/core.go:347.3,358.18 6 1
_/Users/fscasserra/code/go/src/github.com/Fersca/natyla/src/natyla/core.go:341.25,344.4 2 0
_/Users/fscasserra/code/go/src/github.com/Fersca/natyla/src/natyla/core.go:358.18,360.4 1 1
_/Users/fscasserra/code/go/src/github.com/Fersca/natyla/src/natyla/core.go:368.40,373.17 4 1
_/Users/fscasserra/code/go/src/github.com/Fersca/natyla/src/natyla/core.go:373.17,375.3 1 1
_/Users/fscasserra/code/go/src/github.com/Fersca/natyla/src/natyla/core.go:381.51,390.21 3 1
_/Users/fscasserra/code/go/src/github.com/Fersca/natyla/src/natyla/core.go:450.2,450.13 1 1
_/Users/fscasserra/code/go/src/github.com/Fersca/natyla/src/natyla/core.go:390.21,393.44 1 1
_/Users/fscasserra/code/go/src/github.com/Fersca/natyla/src/natyla/core.go:401.3,401.28 1 1
_/Users/fscasserra/code/go/src/github.com/Fersca/natyla/src/natyla/core.go:418.3,418.13 1 1
_/Users/fscasserra/code/go/src/github.com/Fersca/natyla/src/natyla/core.go:393.44,396.4 2 1
_/Users/fscasserra/code/go/src/github.com/Fersca/natyla/src/natyla/core.go:401.28,410.4 5 1
_/Users/fscasserra/code/go/src/github.com/Fersca/natyla/src/natyla/core.go:410.5,415.4 3 1
_/Users/fscasserra/code/go/src/github.com/Fersca/natyla/src/natyla/core.go:418.13,424.19 3 1
_/Users/fscasserra/code/go/src/github.com/Fersca/natyla/src/natyla/core.go:424.19,426.5 1 1
_/Users/fscasserra/code/go/src/github.com/Fersca/natyla/src/natyla/core.go:429.4,442.17 4 1
_/Users/fscasserra/code/go/src/github.com/Fersca/natyla/src/natyla/core.go:442.17,444.4 1 1
_/Users/fscasserra/code/go/src/github.com/Fersca/natyla/src/natyla/core.go:444.5,446.4 1 1
_/Users/fscasserra/code/go/src/github.com/Fersca/natyla/src/natyla/core.go:457.51,472.2 7 1
_/Users/fscasserra/code/go/src/github.com/Fersca/natyla/src/natyla/persistence.go:19.60,21.15 1 1
_/Users/fscasserra/code/go/src/github.com/Fersca/natyla/src/natyla/persistence.go:25.2,26.16 2 1
_/Users/fscasserra/code/go/src/github.com/Fersca/natyla/src/natyla/persistence.go:21.15,23.3 1 1
_/Users/fscasserra/code/go/src/github.com/Fersca/natyla/src/natyla/persistence.go:26.16,28.3 1 0
_/Users/fscasserra/code/go/src/github.com/Fersca/natyla/src/natyla/persistence.go:34.50,36.2 1 1
_/Users/fscasserra/code/go/src/github.com/Fersca/natyla/src/natyla/persistence.go:41.58,44.16 3 1
_/Users/fscasserra/code/go/src/github.com/Fersca/natyla/src/natyla/persistence.go:48.2,48.21 1 1
_/Users/fscasserra/code/go/src/github.com/Fersca/natyla/src/natyla/persistence.go:44.16,46.3 1 1
_/Users/fscasserra/code/go/src/github.com/Fersca/natyla/src/natyla/persistence.go:54.22,57.2 1 1
_/Users/fscasserra/code/go/src/github.com/Fersca/natyla/src/natyla/persistence.go:62.19,66.16 2 1
_/Users/fscasserra/code/go/src/github.com/Fersca/natyla/src/natyla/persistence.go:77.2,77.38 1 1
_/Users/fscasserra/code/go/src/github.com/Fersca/natyla/src/natyla/persistence.go:66.16,73.3 6 1
_/Users/fscasserra/code/go/src/github.com/Fersca/natyla/src/natyla/persistence.go:73.4,75.3 1 0
_/Users/fscasserra/code/go/src/github.com/Fersca/natyla/src/natyla/persistence.go:84.34,85.21 1 0
_/Users/fscasserra/code/go/src/github.com/Fersca/natyla/src/natyla/persistence.go:85.21,87.3 1 0
_/Users/fscasserra/code/go/src/github.com/Fersca/natyla/src/natyla/persistence.go:87.4,90.17 2 0
_/Users/fscasserra/code/go/src/github.com/Fersca/natyla/src/natyla/persistence.go:96.3,96.17 1 0
_/Users/fscasserra/code/go/src/github.com/Fersca/natyla/src/natyla/persistence.go:90.17,93.4 1 0
_/Users/fscasserra/code/go/src/github.com/Fersca/natyla/src/natyla/persistence.go:93.5,95.4 1 0
_/Users/fscasserra/code/go/src/github.com/Fersca/natyla/src/natyla/restApi.go:15.16,19.16 3 1
_/Users/fscasserra/code/go/src/github.com/Fersca/natyla/src/natyla/restApi.go:19.16,21.3 1 0
_/Users/fscasserra/code/go/src/github.com/Fersca/natyla/src/natyla/restApi.go:27.63,30.36 1 1
_/Users/fscasserra/code/go/src/github.com/Fersca/natyla/src/natyla/restApi.go:35.2,45.23 5 1
_/Users/fscasserra/code/go/src/github.com/Fersca/natyla/src/natyla/restApi.go:52.2,52.20 1 1
_/Users/fscasserra/code/go/src/github.com/Fersca/natyla/src/natyla/restApi.go:30.36,32.3 1 1
_/Users/fscasserra/code/go/src/github.com/Fersca/natyla/src/natyla/restApi.go:45.23,49.3 3 1
_/Users/fscasserra/code/go/src/github.com/Fersca/natyla/src/natyla/restApi.go:54.2,57.30 1 1
_/Users/fscasserra/code/go/src/github.com/Fersca/natyla/src/natyla/restApi.go:73.3,75.21 2 1
_/Users/fscasserra/code/go/src/github.com/Fersca/natyla/src/natyla/restApi.go:88.2,89.14 1 0
_/Users/fscasserra/code/go/src/github.com/Fersca/natyla/src/natyla/restApi.go:90.2,100.17 4 1
_/Users/fscasserra/code/go/src/github.com/Fersca/natyla/src/natyla/restApi.go:116.2,120.22 2 1
_/Users/fscasserra/code/go/src/github.com/Fersca/natyla/src/natyla/restApi.go:128.2,129.18 1 1
_/Users/fscasserra/code/go/src/github.com/Fersca/natyla/src/natyla/restApi.go:133.3,133.21 1 1
_/Users/fscasserra/code/go/src/github.com/Fersca/natyla/src/natyla/restApi.go:57.30,63.18 6 1
_/Users/fscasserra/code/go/src/github.com/Fersca/natyla/src/natyla/restApi.go:68.4,69.10 2 1
_/Users/fscasserra/code/go/src/github.com/Fersca/natyla/src/natyla/restApi.go:63.18,67.5 3 0
_/Users/fscasserra/code/go/src/github.com/Fersca/natyla/src/natyla/restApi.go:75.21,78.4 1 1
_/Users/fscasserra/code/go/src/github.com/Fersca/natyla/src/natyla/restApi.go:78.5,79.18 1 1
_/Users/fscasserra/code/go/src/github.com/Fersca/natyla/src/natyla/restApi.go:79.18,82.5 1 1
_/Users/fscasserra/code/go/src/github.com/Fersca/natyla/src/natyla/restApi.go:82.6,85.5 2 0
_/Users/fscasserra/code/go/src/github.com/Fersca/natyla/src/natyla/restApi.go:100.17,102.35 2 1
_/Users/fscasserra/code/go/src/github.com/Fersca/natyla/src/natyla/restApi.go:102.35,105.5 2 1
_/Users/fscasserra/code/go/src/github.com/Fersca/natyla/src/natyla/restApi.go:105.6,108.5 2 0
_/Users/fscasserra/code/go/src/github.com/Fersca/natyla/src/natyla/restApi.go:109.5,114.4 2 1
_/Users/fscasserra/code/go/src/github.com/Fersca/natyla/src/natyla/restApi.go:120.22,123.4 1 1
_/Users/fscasserra/code/go/src/github.com/Fersca/natyla/src/natyla/restApi.go:123.5,126.4 1 1
_/Users/fscasserra/code/go/src/github.com/Fersca/natyla/src/natyla/restApi.go:129.18,131.4 1 1
_/Users/fscasserra/code/go/src/github.com/Fersca/natyla/src/natyla/restApi.go:141.38,144.17 1 1
_/Users/fscasserra/code/go/src/github.com/Fersca/natyla/src/natyla/restApi.go:144.17,151.3 5 1
_/Users/fscasserra/code/go/src/github.com/Fersca/natyla/src/natyla/restApi.go:157.71,162.21 2 1
_/Users/fscasserra/code/go/src/github.com/Fersca/natyla/src/natyla/restApi.go:162.21,166.3 3 0
_/Users/fscasserra/code/go/src/github.com/Fersca/natyla/src/natyla/restApi.go:166.4,170.3 2 1
_/Users/fscasserra/code/go/src/github.com/Fersca/natyla/src/natyla/restApi.go:177.41,178.33 1 1
_/Users/fscasserra/code/go/src/github.com/Fersca/natyla/src/natyla/restApi.go:178.33,180.3 1 0
_/Users/fscasserra/code/go/src/github.com/Fersca/natyla/src/natyla/restApi.go:180.4,182.3 1 1
_/Users/fscasserra/code/go/src/github.com/Fersca/natyla/src/natyla/restApi.go:188.42,190.22 1 0
_/Users/fscasserra/code/go/src/github.com/Fersca/natyla/src/natyla/restApi.go:196.2,196.14 1 0
_/Users/fscasserra/code/go/src/github.com/Fersca/natyla/src/natyla/restApi.go:190.22,191.13 1 0
_/Users/fscasserra/code/go/src/github.com/Fersca/natyla/src/natyla/restApi.go:191.13,193.4 1 0
_/Users/fscasserra/code/go/src/github.com/Fersca/natyla/src/natyla/search.go:16.53,22.28 3 1
_/Users/fscasserra/code/go/src/github.com/Fersca/natyla/src/natyla/search.go:32.2,34.15 2 1
_/Users/fscasserra/code/go/src/github.com/Fersca/natyla/src/natyla/search.go:22.28,26.26 2 1
_/Users/fscasserra/code/go/src/github.com/Fersca/natyla/src/natyla/search.go:26.26,28.4 1 1
